<?xml version="1.0" encoding="UTF-8"?>
<!-- Generated by org.testng.reporters.JUnitReportReporter -->
<testsuite hostname="DESKTOP-8K5L6MP" failures="0" tests="1" name="Task.Create_Organization" time="29.535" errors="0" timestamp="2024-07-31T14:48:52 IST" skipped="0">
  <testcase classname="Task.Create_Organization" name="createOrganization" time="29.535"/>
  <system-out>
createOrganization onTestSuccess  </system-out>
</testsuite> <!-- Task.Create_Organization -->
