<?xml version="1.0" encoding="UTF-8"?>
<!-- Generated by org.testng.reporters.JUnitReportReporter -->
<testsuite hostname="DESKTOP-8K5L6MP" failures="0" tests="1" name="Task.Create_Contacts_WithDate" time="26.894" errors="0" timestamp="2024-07-31T14:48:52 IST" skipped="0">
  <testcase classname="Task.Create_Contacts_WithDate" name="createContact" time="26.894"/>
  <system-out>
createContact onTestSuccess  </system-out>
</testsuite> <!-- Task.Create_Contacts_WithDate -->
